# JRE version: OpenJDK Runtime Environment (21.0.4) (build 21.0.4+-12508038-b607.1)
# Java VM: OpenJDK 64-Bit Server VM (21.0.4+-12508038-b607.1, mixed mode, tiered, compressed oops, compressed class ptrs, g1 gc, windows-amd64)
GC Precious Log:
 CardTable entry size: 512
 Card Set container configuration: InlinePtr #cards 5 size 8 Array Of Cards #cards 12 size 40 Howl #buckets 4 coarsen threshold 1843 Howl Bitmap #cards 512 size 80 coarsen threshold 460 Card regions per heap region 1 cards per card region 2048
 CPUs: 4 total, 4 available
 Memory: 3966M
 Large Page Support: Disabled
 NUMA Support: Disabled
 Compressed Oops: Enabled (32-bit)
 Heap Region Size: 1M
 Heap Min Capacity: 8M
 Heap Initial Capacity: 62M
 Heap Max Capacity: 2G
 Pre-touch: Disabled
 Parallel Workers: 4
 Concurrent Workers: 1
 Concurrent Refinement Workers: 4
 Periodic GC: Disabled
Heap:
 garbage-first heap   total 377856K, used 186718K [0x0000000080000000, 0x0000000100000000)
  region size 1024K, 5 young (5120K), 5 survivors (5120K)
 Metaspace       used 134384K, committed 136576K, reserved 1179648K
  class space    used 17827K, committed 18944K, reserved 1048576K
GC Heap History (20 events):
Event: 170.047 GC heap after
{Heap after GC invocations=60 (full 0):
 garbage-first heap   total 215040K, used 139435K [0x0000000080000000, 0x0000000100000000)
  region size 1024K, 4 young (4096K), 4 survivors (4096K)
 Metaspace       used 109260K, committed 111488K, reserved 1179648K
  class space    used 14734K, committed 15872K, reserved 1048576K
}
Event: 172.300 GC heap before
{Heap before GC invocations=60 (full 0):
 garbage-first heap   total 215040K, used 179371K [0x0000000080000000, 0x0000000100000000)
  region size 1024K, 44 young (45056K), 4 survivors (4096K)
 Metaspace       used 111265K, committed 113472K, reserved 1179648K
  class space    used 14891K, committed 16000K, reserved 1048576K
}
Event: 172.369 GC heap after
{Heap after GC invocations=61 (full 0):
 garbage-first heap   total 215040K, used 138412K [0x0000000080000000, 0x0000000100000000)
  region size 1024K, 6 young (6144K), 6 survivors (6144K)
 Metaspace       used 111265K, committed 113472K, reserved 1179648K
  class space    used 14891K, committed 16000K, reserved 1048576K
}
Event: 173.262 GC heap before
{Heap before GC invocations=61 (full 0):
 garbage-first heap   total 215040K, used 181420K [0x0000000080000000, 0x0000000100000000)
  region size 1024K, 48 young (49152K), 6 survivors (6144K)
 Metaspace       used 112961K, committed 115200K, reserved 1179648K
  class space    used 15054K, committed 16192K, reserved 1048576K
}
Event: 173.295 GC heap after
{Heap after GC invocations=62 (full 0):
 garbage-first heap   total 377856K, used 141919K [0x0000000080000000, 0x0000000100000000)
  region size 1024K, 4 young (4096K), 4 survivors (4096K)
 Metaspace       used 112961K, committed 115200K, reserved 1179648K
  class space    used 15054K, committed 16192K, reserved 1048576K
}
Event: 178.348 GC heap before
{Heap before GC invocations=63 (full 0):
 garbage-first heap   total 377856K, used 244319K [0x0000000080000000, 0x0000000100000000)
  region size 1024K, 124 young (126976K), 4 survivors (4096K)
 Metaspace       used 115242K, committed 117440K, reserved 1179648K
  class space    used 15286K, committed 16384K, reserved 1048576K
}
Event: 178.397 GC heap after
{Heap after GC invocations=64 (full 0):
 garbage-first heap   total 377856K, used 125849K [0x0000000080000000, 0x0000000100000000)
  region size 1024K, 7 young (7168K), 7 survivors (7168K)
 Metaspace       used 115242K, committed 117440K, reserved 1179648K
  class space    used 15286K, committed 16384K, reserved 1048576K
}
Event: 191.625 GC heap before
{Heap before GC invocations=64 (full 0):
 garbage-first heap   total 377856K, used 343961K [0x0000000080000000, 0x0000000100000000)
  region size 1024K, 221 young (226304K), 7 survivors (7168K)
 Metaspace       used 118566K, committed 120832K, reserved 1179648K
  class space    used 15678K, committed 16832K, reserved 1048576K
}
Event: 191.993 GC heap after
{Heap after GC invocations=65 (full 0):
 garbage-first heap   total 377856K, used 134719K [0x0000000080000000, 0x0000000100000000)
  region size 1024K, 24 young (24576K), 24 survivors (24576K)
 Metaspace       used 118566K, committed 120832K, reserved 1179648K
  class space    used 15678K, committed 16832K, reserved 1048576K
}
Event: 194.943 GC heap before
{Heap before GC invocations=65 (full 0):
 garbage-first heap   total 377856K, used 196159K [0x0000000080000000, 0x0000000100000000)
  region size 1024K, 85 young (87040K), 24 survivors (24576K)
 Metaspace       used 120731K, committed 122944K, reserved 1179648K
  class space    used 15980K, committed 17152K, reserved 1048576K
}
Event: 195.197 GC heap after
{Heap after GC invocations=66 (full 0):
 garbage-first heap   total 377856K, used 138240K [0x0000000080000000, 0x0000000100000000)
  region size 1024K, 5 young (5120K), 5 survivors (5120K)
 Metaspace       used 120731K, committed 122944K, reserved 1179648K
  class space    used 15980K, committed 17152K, reserved 1048576K
}
Event: 201.462 GC heap before
{Heap before GC invocations=67 (full 0):
 garbage-first heap   total 377856K, used 328704K [0x0000000080000000, 0x0000000100000000)
  region size 1024K, 190 young (194560K), 5 survivors (5120K)
 Metaspace       used 127249K, committed 129472K, reserved 1179648K
  class space    used 16846K, committed 17984K, reserved 1048576K
}
Event: 201.779 GC heap after
{Heap after GC invocations=68 (full 0):
 garbage-first heap   total 377856K, used 162816K [0x0000000080000000, 0x0000000100000000)
  region size 1024K, 24 young (24576K), 24 survivors (24576K)
 Metaspace       used 127249K, committed 129472K, reserved 1179648K
  class space    used 16846K, committed 17984K, reserved 1048576K
}
Event: 201.826 GC heap before
{Heap before GC invocations=68 (full 0):
 garbage-first heap   total 377856K, used 163840K [0x0000000080000000, 0x0000000100000000)
  region size 1024K, 25 young (25600K), 24 survivors (24576K)
 Metaspace       used 127249K, committed 129472K, reserved 1179648K
  class space    used 16846K, committed 17984K, reserved 1048576K
}
Event: 201.944 GC heap after
{Heap after GC invocations=69 (full 0):
 garbage-first heap   total 377856K, used 163840K [0x0000000080000000, 0x0000000100000000)
  region size 1024K, 2 young (2048K), 2 survivors (2048K)
 Metaspace       used 127249K, committed 129472K, reserved 1179648K
  class space    used 16846K, committed 17984K, reserved 1048576K
}
Event: 208.321 GC heap before
{Heap before GC invocations=69 (full 0):
 garbage-first heap   total 377856K, used 289792K [0x0000000080000000, 0x0000000100000000)
  region size 1024K, 126 young (129024K), 2 survivors (2048K)
 Metaspace       used 130043K, committed 132288K, reserved 1179648K
  class space    used 17288K, committed 18432K, reserved 1048576K
}
Event: 208.622 GC heap after
{Heap after GC invocations=70 (full 0):
 garbage-first heap   total 377856K, used 183296K [0x0000000080000000, 0x0000000100000000)
  region size 1024K, 16 young (16384K), 16 survivors (16384K)
 Metaspace       used 130043K, committed 132288K, reserved 1179648K
  class space    used 17288K, committed 18432K, reserved 1048576K
}
Event: 208.696 GC heap before
{Heap before GC invocations=70 (full 0):
 garbage-first heap   total 377856K, used 185344K [0x0000000080000000, 0x0000000100000000)
  region size 1024K, 18 young (18432K), 16 survivors (16384K)
 Metaspace       used 130059K, committed 132352K, reserved 1179648K
  class space    used 17289K, committed 18432K, reserved 1048576K
}
Event: 208.816 GC heap after
{Heap after GC invocations=71 (full 0):
 garbage-first heap   total 377856K, used 184320K [0x0000000080000000, 0x0000000100000000)
  region size 1024K, 2 young (2048K), 2 survivors (2048K)
 Metaspace       used 130059K, committed 132352K, reserved 1179648K
  class space    used 17289K, committed 18432K, reserved 1048576K
}
Event: 213.946 GC heap before
{Heap before GC invocations=71 (full 0):
 garbage-first heap   total 377856K, used 285696K [0x0000000080000000, 0x0000000100000000)
  region size 1024K, 102 young (104448K), 2 survivors (2048K)
 Metaspace       used 134384K, committed 136576K, reserved 1179648K
  class space    used 17827K, committed 18944K, reserved 1048576K
}

